1.0.7
- minor compatibility patch to address GUI overlap with SaveStorageSettings mod (1.2, 1.3);

1.0.6
- fixed an issue with pawns picking up a lot of meals in 1.3;
- added a slider to change max. nutrition limit (1.2, 1.3);

1.0.5
- things for 1.3;
- hey, 1.3 has it's own Plants food category!
- drugs are not "ingestibles" any more. What's left can be seen in food by default;

1.0.4
- added "other edible" category to the Foods category. Everything that doesn't go to the plants, is ingestible, but isn't in Foods category, goes to Other Edible;
- you can now restrict everything else that can be eaten.

1.0.3
- fixed an issue, due to which handlers would take a lot of meals trying to start taming\training action, but still wouldn't do the action (handlers not suposed to use big meals at all);

1.0.2
- added Chinese Simplified translation. Thanks, HawnHan!

1.0.1
- my stupid forgot to initialize settings. Added them to the game. Oops;

1.0
- anyways;